<?xml version="1.0" encoding="UTF-8"?>
<!-- Generated by org.testng.reporters.JUnitXMLReporter -->
<testsuite hostname="LAPTOP-U3C8G3RJ" ignored="2" name="batchexe" tests="2" failures="0" timestamp="2021-03-11T21:09:01 IST" time="36.471" errors="0">
  <testcase name="ConvertLeadToContacts" time="23.046" classname="com.crm.autodesk.leadtest.ConvertLeadBySelectingOnlyContactTC25ChekboxsTest"/>
  <testcase name="ConvertLeadToOrganization" time="20.853" classname="com.crm.autodesk.leadtest.ConvertLeadBySelectingTC26ganisationAndContactTest"/>
  <testcase name="@BeforeSuite configBS" time="0.0" classname="com.crm.comcast.genericlib.BaseClass">
    <ignored/>
  </testcase> <!-- @BeforeSuite configBS -->
  <testcase name="@AfterSuite configAS" time="0.0" classname="com.crm.comcast.genericlib.BaseClass">
    <ignored/>
  </testcase> <!-- @AfterSuite configAS -->
</testsuite> <!-- batchexe -->
