<?xml version="1.0" encoding="UTF-8"?>
<testng-results skipped="0" failed="0" ignored="0" total="1" passed="1">
  <reporter-output>
  </reporter-output>
  <suite name="Default suite" duration-ms="115059" started-at="2021-03-16T22:57:11 IST" finished-at="2021-03-16T22:59:06 IST">
    <groups>
      <group name="System">
        <method signature="ConvertLeadBySelectingOnlyContactTC25ChekboxsTest.ConvertLeadToContacts()[pri:0, instance:com.crm.autodesk.leadtest.ConvertLeadBySelectingOnlyContactTC25ChekboxsTest@76f2b07d]" name="ConvertLeadToContacts" class="com.crm.autodesk.leadtest.ConvertLeadBySelectingOnlyContactTC25ChekboxsTest"/>
      </group> <!-- System -->
    </groups>
    <test name="Default test" duration-ms="115059" started-at="2021-03-16T22:57:11 IST" finished-at="2021-03-16T22:59:06 IST">
      <class name="com.crm.autodesk.leadtest.ConvertLeadBySelectingOnlyContactTC25ChekboxsTest">
        <test-method status="PASS" signature="configBS()[pri:0, instance:com.crm.autodesk.leadtest.ConvertLeadBySelectingOnlyContactTC25ChekboxsTest@76f2b07d]" name="configBS" is-config="true" duration-ms="21" started-at="2021-03-16T22:57:11 IST" finished-at="2021-03-16T22:57:11 IST">
          <reporter-output>
          </reporter-output>
        </test-method> <!-- configBS -->
        <test-method status="PASS" signature="configBC()[pri:0, instance:com.crm.autodesk.leadtest.ConvertLeadBySelectingOnlyContactTC25ChekboxsTest@76f2b07d]" name="configBC" is-config="true" duration-ms="29862" started-at="2021-03-16T22:57:12 IST" finished-at="2021-03-16T22:57:41 IST">
          <reporter-output>
          </reporter-output>
        </test-method> <!-- configBC -->
        <test-method status="PASS" signature="configBM()[pri:0, instance:com.crm.autodesk.leadtest.ConvertLeadBySelectingOnlyContactTC25ChekboxsTest@76f2b07d]" name="configBM" is-config="true" duration-ms="19866" started-at="2021-03-16T22:57:41 IST" finished-at="2021-03-16T22:58:01 IST">
          <reporter-output>
          </reporter-output>
        </test-method> <!-- configBM -->
        <test-method status="PASS" signature="ConvertLeadToContacts()[pri:0, instance:com.crm.autodesk.leadtest.ConvertLeadBySelectingOnlyContactTC25ChekboxsTest@76f2b07d]" name="ConvertLeadToContacts" duration-ms="60479" started-at="2021-03-16T22:58:01 IST" finished-at="2021-03-16T22:59:02 IST">
          <reporter-output>
          </reporter-output>
        </test-method> <!-- ConvertLeadToContacts -->
        <test-method status="PASS" signature="configAM()[pri:0, instance:com.crm.autodesk.leadtest.ConvertLeadBySelectingOnlyContactTC25ChekboxsTest@76f2b07d]" name="configAM" is-config="true" duration-ms="3876" started-at="2021-03-16T22:59:02 IST" finished-at="2021-03-16T22:59:06 IST">
          <reporter-output>
          </reporter-output>
        </test-method> <!-- configAM -->
        <test-method status="PASS" signature="configAC()[pri:0, instance:com.crm.autodesk.leadtest.ConvertLeadBySelectingOnlyContactTC25ChekboxsTest@76f2b07d]" name="configAC" is-config="true" duration-ms="233" started-at="2021-03-16T22:59:06 IST" finished-at="2021-03-16T22:59:06 IST">
          <reporter-output>
          </reporter-output>
        </test-method> <!-- configAC -->
        <test-method status="PASS" signature="configAS()[pri:0, instance:com.crm.autodesk.leadtest.ConvertLeadBySelectingOnlyContactTC25ChekboxsTest@76f2b07d]" name="configAS" is-config="true" duration-ms="1" started-at="2021-03-16T22:59:07 IST" finished-at="2021-03-16T22:59:07 IST">
          <reporter-output>
          </reporter-output>
        </test-method> <!-- configAS -->
      </class> <!-- com.crm.autodesk.leadtest.ConvertLeadBySelectingOnlyContactTC25ChekboxsTest -->
    </test> <!-- Default test -->
  </suite> <!-- Default suite -->
</testng-results>
